[06-Jun-2024 18:52:30 Asia/Kolkata] PHP Fatal error:  Uncaught Error: Array callback has to contain indices 0 and 1 in /var/www/html/finance/endpoint/login.php:14
Stack trace:
#0 {main}
  thrown in /var/www/html/finance/endpoint/login.php on line 14
[06-Jun-2024 18:52:58 Asia/Kolkata] PHP Fatal error:  Uncaught PDOException: SQLSTATE[42000]: Syntax error or access violation: 1064 You have an error in your SQL syntax; check the manual that corresponds to your MariaDB server version for the right syntax to use near ':email and password = :password' at line 1 in /var/www/html/finance/endpoint/login.php:22
Stack trace:
#0 /var/www/html/finance/endpoint/login.php(22): PDOStatement->execute()
#1 {main}
  thrown in /var/www/html/finance/endpoint/login.php on line 22
[06-Jun-2024 18:53:28 Asia/Kolkata] PHP Fatal error:  Uncaught PDOException: SQLSTATE[42000]: Syntax error or access violation: 1064 You have an error in your SQL syntax; check the manual that corresponds to your MariaDB server version for the right syntax to use near '? and password = ?' at line 1 in /var/www/html/finance/endpoint/login.php:21
Stack trace:
#0 /var/www/html/finance/endpoint/login.php(21): PDOStatement->execute()
#1 {main}
  thrown in /var/www/html/finance/endpoint/login.php on line 21
[06-Jun-2024 19:01:51 Asia/Kolkata] PHP Fatal error:  Uncaught Error: Call to undefined method PDOStatement::bind_param() in /var/www/html/finance/endpoint/login.php:19
Stack trace:
#0 {main}
  thrown in /var/www/html/finance/endpoint/login.php on line 19
[06-Jun-2024 19:03:05 Asia/Kolkata] PHP Fatal error:  Uncaught Error: Call to undefined method PDOStatement::fetch_row() in /var/www/html/finance/endpoint/login.php:23
Stack trace:
#0 {main}
  thrown in /var/www/html/finance/endpoint/login.php on line 23
[06-Jun-2024 19:03:31 Asia/Kolkata] PHP Fatal error:  Uncaught Error: Call to undefined method PDOStatement::fetchRow() in /var/www/html/finance/endpoint/login.php:23
Stack trace:
#0 {main}
  thrown in /var/www/html/finance/endpoint/login.php on line 23
[06-Jun-2024 22:13:16 Asia/Kolkata] PHP Fatal error:  Uncaught PDOException: SQLSTATE[42000]: Syntax error or access violation: 1064 You have an error in your SQL syntax; check the manual that corresponds to your MariaDB server version for the right syntax to use near ':id' at line 1 in G:\xampp\htdocs\finance\endpoint\login.php:38
Stack trace:
#0 G:\xampp\htdocs\finance\endpoint\login.php(38): PDOStatement->execute()
#1 {main}
  thrown in G:\xampp\htdocs\finance\endpoint\login.php on line 38
